<?xml version="1.0" encoding="UTF-8"?>
<testsuite name="com.testRunner.RyanairSearchTests" tests="0" skipped="0" failures="0" errors="0" timestamp="1970-01-01T00:00:00" hostname="SG-2708" time="0.0">
  <properties/>
  <system-out><![CDATA[Feature: Ryanair booking
  In order to book a trip
  As a generic user
  I want to search a flight  from some city
  to another city in the given days by the user
  for the given number and types of passengers

  @parametros
  Scenario Outline: Ryanair booking with parameters table ?[90m# src/test/resources/features/example.feature:22?[0m
    ?[36mGiven I have ryanair webpage open in Chrome?[0m
    ?[36mAnd I close cookies politics?[0m
    ?[36mWhen I click for '<direccion>'?[0m
    ?[36mAnd I want to go from '<salida>'?[0m
    ?[36mAnd I want to go to '<llegada>'?[0m
    ?[36mAnd I want to go in date '<date>'?[0m
    ?[36mAnd I want to return in date '<dateReturn>'?[0m
    ?[36mAnd The trip is for '<numberOfAdults>' adults?[0m
    ?[36mAnd I click in go button?[0m
    ?[36mAnd I tab to result page?[0m
    ?[36mThen I see the result page with almost one flight?[0m

    Examples: 

  @parametros
  Scenario Outline: Ryanair booking with parameters table ?[90m# src/test/resources/features/example.feature:37?[0m

  @parametros
  Scenario Outline: Ryanair booking with parameters table ?[90m# src/test/resources/features/example.feature:38?[0m

?[31mFailed scenarios:?[0m
?[31msrc/test/resources/features/example.feature:37 ?[0m# Ryanair booking with parameters table
?[31msrc/test/resources/features/example.feature:38 ?[0m# Ryanair booking with parameters table

2 Scenarios (?[31m2 failed?[0m)
22 Steps (?[31m2 failed?[0m, ?[36m10 skipped?[0m, ?[32m10 passed?[0m)
0m53,904s

java.lang.AssertionError: Fail while tab in result page
	at org.junit.Assert.fail(Assert.java:88)
	at org.junit.Assert.assertTrue(Assert.java:41)
	at com.page.RyanairSearchPage.tabToResult(RyanairSearchPage.java:117)
	at com.serenitySteps.RyanairSearchSteps.tabToResult(RyanairSearchSteps.java:63)
	at com.serenitySteps.RyanairSearchSteps$$EnhancerByCGLIB$$738b1b9a.CGLIB$tabToResult$4(<generated>)
	at com.serenitySteps.RyanairSearchSteps$$EnhancerByCGLIB$$738b1b9a$$FastClassByCGLIB$$b677f443.invoke(<generated>)
	at net.sf.cglib.proxy.MethodProxy.invokeSuper(MethodProxy.java:228)
	at net.thucydides.core.steps.StepInterceptor.invokeMethod(StepInterceptor.java:450)
	at net.thucydides.core.steps.StepInterceptor.executeTestStepMethod(StepInterceptor.java:435)
	at net.thucydides.core.steps.StepInterceptor.runTestStep(StepInterceptor.java:410)
	at net.thucydides.core.steps.StepInterceptor.runOrSkipMethod(StepInterceptor.java:151)
	at net.thucydides.core.steps.StepInterceptor.testStepResult(StepInterceptor.java:138)
	at net.thucydides.core.steps.StepInterceptor.intercept(StepInterceptor.java:69)
	at com.serenitySteps.RyanairSearchSteps$$EnhancerByCGLIB$$738b1b9a.tabToResult(<generated>)
	at com.stepDefinitions.RyanairSearchStepDefinitions.tabToResult(RyanairSearchStepDefinitions.java:69)
	at ?.I tab to result page(src/test/resources/features/example.feature:32)

java.lang.AssertionError: Fail while click in cookies
	at org.junit.Assert.fail(Assert.java:88)
	at org.junit.Assert.assertTrue(Assert.java:41)
	at com.page.RyanairSearchPage.closeCookiesPolitics(RyanairSearchPage.java:113)
	at com.serenitySteps.RyanairSearchSteps.closeCookiesPolitics(RyanairSearchSteps.java:23)
	at com.serenitySteps.RyanairSearchSteps$$EnhancerByCGLIB$$738b1b9a.CGLIB$closeCookiesPolitics$10(<generated>)
	at com.serenitySteps.RyanairSearchSteps$$EnhancerByCGLIB$$738b1b9a$$FastClassByCGLIB$$b677f443.invoke(<generated>)
	at net.sf.cglib.proxy.MethodProxy.invokeSuper(MethodProxy.java:228)
	at net.thucydides.core.steps.StepInterceptor.invokeMethod(StepInterceptor.java:450)
	at net.thucydides.core.steps.StepInterceptor.executeTestStepMethod(StepInterceptor.java:435)
	at net.thucydides.core.steps.StepInterceptor.runTestStep(StepInterceptor.java:410)
	at net.thucydides.core.steps.StepInterceptor.runOrSkipMethod(StepInterceptor.java:151)
	at net.thucydides.core.steps.StepInterceptor.testStepResult(StepInterceptor.java:138)
	at net.thucydides.core.steps.StepInterceptor.intercept(StepInterceptor.java:69)
	at com.serenitySteps.RyanairSearchSteps$$EnhancerByCGLIB$$738b1b9a.closeCookiesPolitics(<generated>)
	at com.stepDefinitions.RyanairSearchStepDefinitions.closeCookiesPolitics(RyanairSearchStepDefinitions.java:23)
	at ?.I close cookies politics(src/test/resources/features/example.feature:24)

]]></system-out>
  <system-err><![CDATA[SLF4J: Failed to load class "org.slf4j.impl.StaticLoggerBinder".
SLF4J: Defaulting to no-operation (NOP) logger implementation
SLF4J: See http://www.slf4j.org/codes.html#StaticLoggerBinder for further details.
]]></system-err>
</testsuite>
